Watching for file changes with StatReloader
[06/Jul/2026 16:21:33] "GET /admin/ HTTP/1.1" 302 0
[06/Jul/2026 16:21:33] "GET / HTTP/1.1" 200 3135
[06/Jul/2026 16:21:34] "GET /admin/login/?next=/admin/ HTTP/1.1" 200 4144
[06/Jul/2026 16:21:34,658] - Broken pipe from ('127.0.0.1', 56709)
[06/Jul/2026 16:21:35,814] - Broken pipe from ('127.0.0.1', 56710)
[06/Jul/2026 16:22:39] "GET / HTTP/1.1" 200 3135
[06/Jul/2026 16:22:40] "GET /static/core/css/styles.css HTTP/1.1" 200 6317
[06/Jul/2026 16:22:57] "GET /admin/ HTTP/1.1" 302 0
[06/Jul/2026 16:22:57] "GET /admin/login/?next=/admin/ HTTP/1.1" 200 4144
[06/Jul/2026 16:22:57] "GET /static/admin/css/base.css HTTP/1.1" 200 23100
[06/Jul/2026 16:22:57] "GET /static/admin/css/dark_mode.css HTTP/1.1" 200 3538
[06/Jul/2026 16:22:57] "GET /static/admin/css/nav_sidebar.css HTTP/1.1" 200 2810
[06/Jul/2026 16:22:57] "GET /static/admin/css/responsive.css HTTP/1.1" 200 16273
[06/Jul/2026 16:22:57] "GET /static/admin/css/login.css HTTP/1.1" 200 951
[06/Jul/2026 16:22:57] "GET /static/admin/js/theme.js HTTP/1.1" 200 1653
[06/Jul/2026 16:22:57] "GET /static/admin/js/nav_sidebar.js HTTP/1.1" 200 3063
[06/Jul/2026 16:25:25] "GET / HTTP/1.1" 200 3135
[06/Jul/2026 16:25:25] "GET /static/core/css/styles.css HTTP/1.1" 304 0
[06/Jul/2026 16:25:51] "GET / HTTP/1.1" 200 3135
[06/Jul/2026 16:25:51] "GET /static/core/css/styles.css HTTP/1.1" 200 6317
Not Found: /favicon.ico
[06/Jul/2026 16:25:52] "GET /favicon.ico HTTP/1.1" 404 6660
[06/Jul/2026 16:26:14] "GET /admin/ HTTP/1.1" 302 0
[06/Jul/2026 16:26:14] "GET /admin/login/?next=/admin/ HTTP/1.1" 200 4144
[06/Jul/2026 16:26:15] "GET /static/admin/css/dark_mode.css HTTP/1.1" 200 3538
[06/Jul/2026 16:26:15] "GET /static/admin/css/base.css HTTP/1.1" 200 23100
[06/Jul/2026 16:26:15] "GET /static/admin/css/nav_sidebar.css HTTP/1.1" 200 2810
[06/Jul/2026 16:26:15] "GET /static/admin/css/login.css HTTP/1.1" 200 951
[06/Jul/2026 16:26:15] "GET /static/admin/js/theme.js HTTP/1.1" 200 1653
[06/Jul/2026 16:26:15] "GET /static/admin/css/responsive.css HTTP/1.1" 200 16273
[06/Jul/2026 16:26:15] "GET /static/admin/js/nav_sidebar.js HTTP/1.1" 200 3063
[06/Jul/2026 16:27:58] "POST /admin/login/?next=/admin/ HTTP/1.1" 302 0
[06/Jul/2026 16:27:58] "GET /admin/ HTTP/1.1" 200 9005
[06/Jul/2026 16:27:58] "GET /static/admin/css/dashboard.css HTTP/1.1" 200 441
[06/Jul/2026 16:27:58] "GET /static/admin/img/icon-addlink.svg HTTP/1.1" 200 593
[06/Jul/2026 16:27:58] "GET /static/admin/img/icon-changelink.svg HTTP/1.1" 200 978
[06/Jul/2026 17:14:36] "GET /maestros/ HTTP/1.1" 200 2319
[06/Jul/2026 17:14:36] "GET /static/core/css/styles.css HTTP/1.1" 304 0
[06/Jul/2026 17:14:38] "GET /materias/ HTTP/1.1" 200 2356
[06/Jul/2026 17:14:39] "GET /inscripciones/ HTTP/1.1" 200 2263
[06/Jul/2026 17:14:39] "GET /admin/ HTTP/1.1" 200 9005
[06/Jul/2026 17:14:39] "GET /static/admin/css/base.css HTTP/1.1" 304 0
[06/Jul/2026 17:14:39] "GET /static/admin/css/dark_mode.css HTTP/1.1" 304 0
[06/Jul/2026 17:14:39] "GET /static/admin/css/nav_sidebar.css HTTP/1.1" 304 0
[06/Jul/2026 17:14:39] "GET /static/admin/js/theme.js HTTP/1.1" 304 0
[06/Jul/2026 17:14:39] "GET /static/admin/css/dashboard.css HTTP/1.1" 304 0
[06/Jul/2026 17:14:39] "GET /static/admin/css/responsive.css HTTP/1.1" 304 0
[06/Jul/2026 17:14:39] "GET /static/admin/js/nav_sidebar.js HTTP/1.1" 304 0
[06/Jul/2026 17:14:39] "GET /static/admin/img/icon-addlink.svg HTTP/1.1" 304 0
[06/Jul/2026 17:14:39] "GET /static/admin/img/icon-changelink.svg HTTP/1.1" 304 0
